app/seeds.txt
com.Giddh.BuildConfig
com.Giddh.BuildConfig: boolean DEBUG
com.Giddh.BuildConfig: java.lang.String APPLICATION_ID
com.Giddh.BuildConfig: java.lang.String BUILD_TYPE
com.Giddh.BuildConfig: java.lang.String FLAVOR
com.Giddh.BuildConfig: int VERSION_CODE
com.Giddh.BuildConfig: java.lang.String VERSION_NAME
com.Giddh.BuildConfig: BuildConfig()
com.Giddh.R
com.Giddh.R: R()
com.Giddh.R$anim
com.Giddh.R$anim: int abc_fade_in
com.Giddh.R$anim: int abc_fade_out
com.Giddh.R$anim: int abc_slide_in_bottom
com.Giddh.R$anim: int abc_slide_in_top
com.Giddh.R$anim: int abc_slide_out_bottom
com.Giddh.R$anim: int abc_slide_out_top
com.Giddh.R$anim: R$anim()
com.Giddh.R$attr
com.Giddh.R$attr: int actionBarDivider
com.Giddh.R$attr: int actionBarItemBackground
com.Giddh.R$attr: int actionBarPopupTheme
com.Giddh.R$attr: int actionBarSize
com.Giddh.R$attr: int actionBarSplitStyle
com.Giddh.R$attr: int actionBarStyle
com.Giddh.R$attr: int actionBarTabBarStyle
com.Giddh.R$attr: int actionBarTabStyle
com.Giddh.R$attr: int actionBarTabTextStyle
com.Giddh.R$attr: int actionBarTheme
com.Giddh.R$attr: int actionBarWidgetTheme
com.Giddh.R$attr: int actionButtonStyle
com.Giddh.R$attr: int actionDropDownStyle
com.Giddh.R$attr: int actionLayout
com.Giddh.R$attr: int actionMenuTextAppearance
com.Giddh.R$attr: int actionMenuTextColor
com.Giddh.R$attr: int actionModeBackground
com.Giddh.R$attr: int actionModeCloseButtonStyle
com.Giddh.R$attr: int actionModeCloseDrawable
com.Giddh.R$attr: int actionModeCopyDrawable
com.Giddh.R$attr: int actionModeCutDrawable
com.Giddh.R$attr: int actionModeFindDrawable
com.Giddh.R$attr: int actionModePasteDrawable
com.Giddh.R$attr: int actionModePopupWindowStyle
com.Giddh.R$attr: int actionModeSelectAllDrawable
com.Giddh.R$attr: int actionModeShareDrawable
com.Giddh.R$attr: int actionModeSplitBackground
com.Giddh.R$attr: int actionModeStyle
com.Giddh.R$attr: int actionModeWebSearchDrawable
com.Giddh.R$attr: int actionOverflowButtonStyle
com.Giddh.R$attr: int actionOverflowMenuStyle
com.Giddh.R$attr: int actionProviderClass
com.Giddh.R$attr: int actionViewClass
com.Giddh.R$attr: int activityChooserViewStyle
com.Giddh.R$bool
com.Giddh.R$bool: int abc_action_bar_embed_tabs
com.Giddh.R$bool: int abc_action_bar_embed_tabs_pre_jb
com.Giddh.R$bool: int abc_action_bar_expanded_action_views_exclusive
com.Giddh.R$bool: int abc_config_actionMenuItemAllCaps
com.Giddh.R$bool: int abc_config_allowActionMenuItemTextWithIcon
com.Giddh.R$bool: int abc_config_showMenuShortcutsWhenKeyboardPresent
com.Giddh.R$bool: R$bool()
...
com.google.android.gms.ads.AdRequest$Builder
com.google.android.gms.ads.AdRequest$Builder: com.google.android.gms.internal.bg$a lh
com.google.android.gms.ads.AdRequest$Builder: AdRequest$Builder()
com.google.android.gms.ads.AdRequest$Builder: com.google.android.gms.ads.AdRequest$Builder addKeyword(java.lang.String)
com.google.android.gms.ads.AdRequest$Builder: com.google.android.gms.ads.AdRequest$Builder addNetworkExtras(com.google.android.gms.ads.mediation.NetworkExtras)
com.google.android.gms.ads.AdRequest$Builder: com.google.android.gms.ads.AdRequest$Builder addNetworkExtrasBundle(java.lang.Class,android.os.Bundle)
com.google.android.gms.ads.AdRequest$Builder: com.google.android.gms.ads.AdRequest$Builder addCustomEventExtrasBundle(java.lang.Class,android.os.Bundle)
com.google.android.gms.ads.AdRequest$Builder: com.google.android.gms.ads.AdRequest$Builder addTestDevice(java.lang.String)
com.google.android.gms.ads.AdRequest$Builder: com.google.android.gms.ads.AdRequest build()
com.google.android.gms.ads.AdRequest$Builder: com.google.android.gms.ads.AdRequest$Builder setBirthday(java.util.Date)
com.google.android.gms.ads.AdRequest$Builder: com.google.android.gms.ads.AdRequest$Builder setContentUrl(java.lang.String)
com.google.android.gms.ads.AdRequest$Builder: com.google.android.gms.ads.AdRequest$Builder setGender(int)
com.google.android.gms.ads.AdRequest$Builder: com.google.android.gms.ads.AdRequest$Builder setLocation(android.location.Location)
com.google.android.gms.ads.AdSize
com.google.android.gms.ads.AdSize: int FULL_WIDTH
com.google.android.gms.ads.AdSize: int AUTO_HEIGHT
com.google.android.gms.ads.AdSize: com.google.android.gms.ads.AdSize BANNER
com.google.android.gms.ads.AdSize: com.google.android.gms.ads.AdSize FULL_BANNER
com.google.android.gms.ads.AdSize: com.google.android.gms.ads.AdSize LARGE_BANNER
com.google.android.gms.ads.AdSize: com.google.android.gms.ads.AdSize LEADERBOARD
com.google.android.gms.ads.AdSize: com.google.android.gms.ads.AdSize MEDIUM_RECTANGLE
com.google.android.gms.ads.AdSize: com.google.android.gms.ads.AdSize WIDE_SKYSCRAPER
com.google.android.gms.ads.AdSize: com.google.android.gms.ads.AdSize SMART_BANNER
com.google.android.gms.ads.AdSize: int li
com.google.android.gms.ads.AdSize: int lj
com.google.android.gms.ads.AdSize: java.lang.String lk
com.google.android.gms.ads.AdSize: AdSize(int,int)
com.google.android.gms.ads.AdSize: AdSize(int,int,java.lang.String)
com.google.android.gms.ads.AdSize: boolean equals(java.lang.Object)
com.google.android.gms.ads.AdSize: int getHeight()
com.google.android.gms.ads.AdSize: int getHeightInPixels(android.content.Context)
com.google.android.gms.ads.AdSize: int getWidth()
com.google.android.gms.ads.AdSize: int getWidthInPixels(android.content.Context)
com.google.android.gms.ads.AdSize: int hashCode()
com.google.android.gms.ads.AdSize: boolean isAutoHeight()
com.google.android.gms.ads.AdSize: boolean isFullWidth()