app/mapping.txt
com.Giddh.BuildConfig -> com.Giddh.BuildConfig:
    boolean DEBUG -> DEBUG
    java.lang.String APPLICATION_ID -> APPLICATION_ID
    java.lang.String BUILD_TYPE -> BUILD_TYPE
    java.lang.String FLAVOR -> FLAVOR
    int VERSION_CODE -> VERSION_CODE
    java.lang.String VERSION_NAME -> VERSION_NAME
com.Giddh.R -> com.Giddh.R:
com.Giddh.R$anim -> com.Giddh.R$anim:
    int abc_fade_in -> abc_fade_in
    int abc_fade_out -> abc_fade_out
    int abc_slide_in_bottom -> abc_slide_in_bottom
    int abc_slide_in_top -> abc_slide_in_top
    int abc_slide_out_bottom -> abc_slide_out_bottom
    int abc_slide_out_top -> abc_slide_out_top
com.Giddh.R$attr -> com.Giddh.R$attr:
    int actionBarDivider -> actionBarDivider
    int actionBarItemBackground -> actionBarItemBackground
    int actionBarPopupTheme -> actionBarPopupTheme
    int actionBarSize -> actionBarSize
    int actionBarSplitStyle -> actionBarSplitStyle
    int actionBarStyle -> actionBarStyle
    int actionBarTabBarStyle -> actionBarTabBarStyle
    int actionBarTabStyle -> actionBarTabStyle
    int actionBarTabTextStyle -> actionBarTabTextStyle
    int actionBarTheme -> actionBarTheme
    int actionBarWidgetTheme -> actionBarWidgetTheme
    int actionButtonStyle -> actionButtonStyle
    int actionDropDownStyle -> actionDropDownStyle
    int actionLayout -> actionLayout
    int actionMenuTextAppearance -> actionMenuTextAppearance
    int actionMenuTextColor -> actionMenuTextColor
    int actionModeBackground -> actionModeBackground
    int actionModeCloseButtonStyle -> actionModeCloseButtonStyle
    int actionModeCloseDrawable -> actionModeCloseDrawable
    int actionModeCopyDrawable -> actionModeCopyDrawable
    int actionModeCutDrawable -> actionModeCutDrawable
    int actionModeFindDrawable -> actionModeFindDrawable
    int actionModePasteDrawable -> actionModePasteDrawable
    int actionModePopupWindowStyle -> actionModePopupWindowStyle
    int actionModeSelectAllDrawable -> actionModeSelectAllDrawable
    int actionModeShareDrawable -> actionModeShareDrawable
    int actionModeSplitBackground -> actionModeSplitBackground
com.Giddh.R$bool -> com.Giddh.R$bool:
    int abc_action_bar_embed_tabs -> abc_action_bar_embed_tabs
    int abc_action_bar_embed_tabs_pre_jb -> abc_action_bar_embed_tabs_pre_jb
    int abc_action_bar_expanded_action_views_exclusive -> abc_action_bar_expanded_action_views_exclusive
    int abc_config_actionMenuItemAllCaps -> abc_config_actionMenuItemAllCaps
    int abc_config_allowActionMenuItemTextWithIcon -> abc_config_allowActionMenuItemTextWithIcon
    int abc_config_showMenuShortcutsWhenKeyboardPresent -> abc_config_showMenuShortcutsWhenKeyboardPresent
...
bolts.Task$5 -> xy:
    bolts.Task$TaskCompletionSource val$tcs -> a
    bolts.Continuation val$continuation -> b
    java.util.concurrent.Executor val$executor -> c
    bolts.Task this$0 -> d
    316:317:java.lang.Void then(bolts.Task) -> a
    313:313:java.lang.Object then(bolts.Task) -> then
bolts.Task$6 -> xz:
    bolts.Task$TaskCompletionSource val$tcs -> a
    bolts.Continuation val$continuation -> b
    java.util.concurrent.Executor val$executor -> c
    bolts.Task this$0 -> d
    351:352:java.lang.Void then(bolts.Task) -> a
    348:348:java.lang.Object then(bolts.Task) -> then
bolts.Task$7 -> ya:
    bolts.Continuation val$continuation -> a
    bolts.Task this$0 -> b
    381:386:bolts.Task then(bolts.Task) -> a
    378:378:java.lang.Object then(bolts.Task) -> then
bolts.Task$8 -> yb:
    bolts.Continuation val$continuation -> a
    bolts.Task this$0 -> b
    410:415:bolts.Task then(bolts.Task) -> a
    407:407:java.lang.Object then(bolts.Task) -> then
bolts.Task$9 -> yc:
    bolts.Continuation val$continuation -> a
    bolts.Task val$task -> b
    bolts.Task$TaskCompletionSource val$tcs -> c
    453:458:void run() -> run
bolts.Task$TaskCompletionSource -> bolts.Task$TaskCompletionSource:
    bolts.Task this$0 -> a
    540:540:bolts.Task getTask() -> getTask
    547:556:boolean trySetCancelled() -> trySetCancelled
    563:572:boolean trySetResult(java.lang.Object) -> trySetResult
    579:588:boolean trySetError(java.lang.Exception) -> trySetError
    595:598:void setCancelled() -> setCancelled
    604:607:void setResult(java.lang.Object) -> setResult
    613:616:void setError(java.lang.Exception) -> setError
bolts.WebViewAppLinkResolver -> bolts.WebViewAppLinkResolver:
    android.content.Context context -> a
    83:85:bolts.Task getAppLinkFromUrlInBackground(android.net.Uri) -> getAppLinkFromUrlInBackground
    194:226:java.util.Map parseAlData(org.json.JSONArray) -> b
    231:235:java.util.List getAlList(java.util.Map,java.lang.String) -> a
    240:289:bolts.AppLink makeAppLinkFromAlData(java.util.Map,android.net.Uri) -> b
    293:296:android.net.Uri tryCreateUrl(java.lang.String) -> a
    305:339:java.lang.String readFromConnection(java.net.URLConnection) -> b
    40:40:java.util.Map access$000(org.json.JSONArray) -> a
    40:40:bolts.AppLink access$100(java.util.Map,android.net.Uri) -> a
    40:40:android.content.Context access$200(bolts.WebViewAppLinkResolver) -> a
    40:40:java.lang.String access$300(java.net.URLConnection) -> a
bolts.WebViewAppLinkResolver$1 -> yd:
    android.net.Uri val$url -> a
    bolts.WebViewAppLinkResolver this$0 -> b
    181:183:bolts.AppLink then(bolts.Task) -> a
    178:178:java.lang.Object then(bolts.Task) -> then
bolts.WebViewAppLinkResolver$2 -> ye:
    bolts.Capture val$contentType -> a
    android.net.Uri val$url -> b
    bolts.Capture val$content -> c
    bolts.WebViewAppLinkResolver this$0 -> d
    128:176:bolts.Task then(bolts.Task) -> a
    124:124:java.lang.Object then(bolts.Task) -> then
bolts.WebViewAppLinkResolver$2$1 -> yf:
    boolean loaded -> b
    bolts.WebViewAppLinkResolver$2 this$1 -> a
    136:142:void runJavaScript(android.webkit.WebView) -> a
    146:148:void onPageFinished(android.webkit.WebView,java.lang.String) -> onPageFinished
    152:154:void onLoadResource(android.webkit.WebView,java.lang.String) -> onLoadResource
bolts.WebViewAppLinkResolver$2$2 -> yg:
    bolts.Task$TaskCompletionSource val$tcs -> a
    bolts.WebViewAppLinkResolver$2 this$1 -> b
bolts.WebViewAppLinkResolver$3 -> yh:
    android.net.Uri val$url -> a
    bolts.Capture val$content -> b
    bolts.Capture val$contentType -> c
    bolts.WebViewAppLinkResolver this$0 -> d
    88:122:java.lang.Void call() -> a
    85:85:java.lang.Object call() -> call