app/unused.txt
com.Giddh.adapters.TrialBalanceAdapter:
    com.Giddh.adapters.TrialBalanceAdapter adapter
com.Giddh.commonUtilities.Prefs:
    private static final java.lang.String USER_NAME
    private static final java.lang.String SERVER_URL
    private static final java.lang.String AUTHKEY
com.Giddh.ui.Activities.AbstractGetNameTask:
    private static final java.lang.String TAG
    private static final java.lang.String NAME_KEY
com.Giddh.ui.Activities.GoogleLoginActivity:
    static final int REQUEST_CODE_RECOVER_FROM_PLAY_SERVICES_ERROR
    static final java.lang.String TOKEN
    static final java.lang.String ERROR_MESSAGE
    private static final java.lang.String SCOPE
com.Giddh.ui.Activities.SignUpHome:
    private static final java.lang.String APP_ID
    private static final java.lang.String TAG
com.Giddh.ui.Activities.TrailBalancePage:
    com.Giddh.adapters.AccountDetailsAdapter accountDetailsAdapter
...
android.support.v4.hardware.display.DisplayManagerJellybeanMr1:
    22:22:DisplayManagerJellybeanMr1()
android.support.v4.media.MediaMetadataCompat:
    private static final java.lang.String TAG
    private static final int METADATA_TYPE_LONG
    private static final int METADATA_TYPE_TEXT
    private static final int METADATA_TYPE_BITMAP
    private static final int METADATA_TYPE_RATING
android.support.v4.media.MediaMetadataCompatApi21:
    25:46:MediaMetadataCompatApi21()
android.support.v4.media.RatingCompat:
    private static final java.lang.String TAG
    private static final float RATING_NOT_RATED
android.support.v4.media.RatingCompatApi21:
    21:21:RatingCompatApi21()
android.support.v4.media.TransportPerformer:
    static final int AUDIOFOCUS_GAIN
    static final int AUDIOFOCUS_GAIN_TRANSIENT
    static final int AUDIOFOCUS_GAIN_TRANSIENT_MAY_DUCK
    static final int AUDIOFOCUS_LOSS
    static final int AUDIOFOCUS_LOSS_TRANSIENT
    static final int AUDIOFOCUS_LOSS_TRANSIENT_CAN_DUCK
android.support.v4.media.VolumeProviderCompatApi21:
    21:41:VolumeProviderCompatApi21()
    38:39:public static void setCurrentVolume(java.lang.Object,int)
android.support.v4.media.routing.MediaRouterJellybean:
    private static final java.lang.String TAG
    public static final int ROUTE_TYPE_LIVE_AUDIO
    public static final int ROUTE_TYPE_LIVE_VIDEO
    public static final int ROUTE_TYPE_USER
    public static final int ALL_ROUTE_TYPES
    29:422:MediaRouterJellybean()
    42:42:public static java.lang.Object getMediaRouter(android.content.Context)
    47:53:public static java.util.List getRoutes(java.lang.Object)
    58:64:public static java.util.List getCategories(java.lang.Object)
    68:68:public static java.lang.Object getSelectedRoute(java.lang.Object,int)
    72:74:public static void selectRoute(java.lang.Object,int,java.lang.Object)
    77:79:public static void addCallback(java.lang.Object,int,java.lang.Object)
    82:84:public static void removeCallback(java.lang.Object,java.lang.Object)
    88:88:public static java.lang.Object createRouteCategory(java.lang.Object,java.lang.String,boolean)
    92:92:public static java.lang.Object createUserRoute(java.lang.Object,java.lang.Object)
    97:99:public static void addUserRoute(java.lang.Object,java.lang.Object)
    102:104:public static void removeUserRoute(java.lang.Object,java.lang.Object)
    107:107:public static java.lang.Object createCallback(android.support.v4.media.routing.MediaRouterJellybean$Callback)
    111:111:public static java.lang.Object createVolumeCallback(android.support.v4.media.routing.MediaRouterJellybean$VolumeCallback)
android.support.v4.media.routing.MediaRouterJellybean$CallbackProxy
android.support.v4.media.routing.MediaRouterJellybean$VolumeCallbackProxy
android.support.v4.media.routing.MediaRouterJellybeanMr1:
    private static final java.lang.String TAG
    30:164:MediaRouterJellybeanMr1()
    34:34:public static java.lang.Object createCallback(android.support.v4.media.routing.MediaRouterJellybeanMr1$Callback)
android.support.v4.media.routing.MediaRouterJellybeanMr1$ActiveScanWorkaround:
    private static final int WIFI_DISPLAY_SCAN_INTERVAL
android.support.v4.media.routing.MediaRouterJellybeanMr1$CallbackProxy
android.support.v4.media.routing.MediaRouterJellybeanMr2:
    19:39:MediaRouterJellybeanMr2()
    21:21:public static java.lang.Object getDefaultRoute(java.lang.Object)
    25:27:public static void addCallback(java.lang.Object,int,java.lang.Object,int)
android.support.v4.media.session.MediaControllerCompatApi21:
    32:197:MediaControllerCompatApi21()
android.support.v4.media.session.MediaControllerCompatApi21$PlaybackInfo:
    private static final int FLAG_SCO
    private static final int STREAM_BLUETOOTH_SCO
    private static final int STREAM_SYSTEM_ENFORCED
android.support.v4.media.session.MediaSessionCompatApi21:
    32:109:MediaSessionCompatApi21()